<?xml version="1.0" encoding="utf-8"?><testsuites name="pytest tests"><testsuite name="pytest" errors="0" failures="1" skipped="0" tests="18" time="3.433" timestamp="2026-04-13T18:48:17.993165+00:00" hostname="agent-env-180eac50-48bd-4d04-a961-5fd4aeb53049"><testcase classname="backend.tests.test_backend_api.TestHealthCheck" name="test_health_endpoint" time="0.293" /><testcase classname="backend.tests.test_backend_api.TestAuth" name="test_login_with_invalid_token" time="0.369" /><testcase classname="backend.tests.test_backend_api.TestAuth" name="test_login_with_empty_token" time="0.224"><failure message="AssertionError: Expected 401 or 422, got 500&#10;assert 500 in [401, 422]&#10; +  where 500 = &lt;Response [500]&gt;.status_code">backend/tests/test_backend_api.py:45: in test_login_with_empty_token
    assert response.status_code in [401, 422], f"Expected 401 or 422, got {response.status_code}"
E   AssertionError: Expected 401 or 422, got 500
E   assert 500 in [401, 422]
E    +  where 500 = &lt;Response [500]&gt;.status_code</failure></testcase><testcase classname="backend.tests.test_backend_api.TestAuth" name="test_login_missing_token_field" time="0.137" /><testcase classname="backend.tests.test_backend_api.TestUserEndpoints" name="test_user_profile_without_auth" time="0.118" /><testcase classname="backend.tests.test_backend_api.TestUserEndpoints" name="test_user_profile_with_invalid_token" time="0.236" /><testcase classname="backend.tests.test_backend_api.TestUserEndpoints" name="test_user_repos_without_auth" time="0.155" /><testcase classname="backend.tests.test_backend_api.TestUserEndpoints" name="test_user_repos_with_invalid_token" time="0.232" /><testcase classname="backend.tests.test_backend_api.TestRepoEndpoints" name="test_get_repo_without_auth" time="0.161" /><testcase classname="backend.tests.test_backend_api.TestRepoEndpoints" name="test_get_repo_with_invalid_token" time="0.223" /><testcase classname="backend.tests.test_backend_api.TestRepoEndpoints" name="test_get_contents_without_auth" time="0.111" /><testcase classname="backend.tests.test_backend_api.TestRepoEndpoints" name="test_get_readme_without_auth" time="0.112" /><testcase classname="backend.tests.test_backend_api.TestRepoEndpoints" name="test_get_commits_without_auth" time="0.208" /><testcase classname="backend.tests.test_backend_api.TestRepoEndpoints" name="test_get_issues_without_auth" time="0.111" /><testcase classname="backend.tests.test_backend_api.TestRepoEndpoints" name="test_get_pulls_without_auth" time="0.119" /><testcase classname="backend.tests.test_backend_api.TestSearchEndpoints" name="test_search_repos_without_auth" time="0.121" /><testcase classname="backend.tests.test_backend_api.TestSearchEndpoints" name="test_search_repos_with_invalid_token" time="0.229" /><testcase classname="backend.tests.test_backend_api.TestSearchEndpoints" name="test_search_repos_missing_query" time="0.210" /></testsuite></testsuites>