<?xml version="1.0" encoding="utf-8"?><testsuites name="pytest tests"><testsuite name="pytest" errors="0" failures="1" skipped="0" tests="16" time="6.211" timestamp="2026-02-23T06:01:31.000617+00:00" hostname="agent-env-3b138496-b8bf-4d39-9027-34f5c301780a"><testcase classname="backend.tests.test_shop_iter19.TestPincodeDeliveryCheck" name="test_patna_800001_deliverable" time="0.249" /><testcase classname="backend.tests.test_shop_iter19.TestPincodeDeliveryCheck" name="test_gaya_823001_deliverable" time="0.191" /><testcase classname="backend.tests.test_shop_iter19.TestPincodeDeliveryCheck" name="test_delhi_110001_not_deliverable" time="0.107" /><testcase classname="backend.tests.test_shop_iter19.TestPincodeDeliveryCheck" name="test_muzaffarpur_842001_deliverable" time="0.145" /><testcase classname="backend.tests.test_shop_iter19.TestPincodeDeliveryCheck" name="test_generic_bihar_pincode_deliverable" time="0.109" /><testcase classname="backend.tests.test_shop_iter19.TestOrderTracking" name="test_track_order_invalid_data_returns_404" time="0.138" /><testcase classname="backend.tests.test_shop_iter19.TestOrderTracking" name="test_track_order_missing_data_returns_400" time="0.140" /><testcase classname="backend.tests.test_shop_iter19.TestRazorpayConfig" name="test_get_razorpay_key" time="0.102" /><testcase classname="backend.tests.test_shop_iter19.TestServiceDescriptionGeneration" name="test_generate_service_description" time="3.493" /><testcase classname="backend.tests.test_shop_iter19.TestOrderCRUDOperations" name="test_create_order_cod_method" time="0.274" /><testcase classname="backend.tests.test_shop_iter19.TestOrderCRUDOperations" name="test_order_lifecycle" time="0.335"><failure message="assert 200 == 400&#10; +  where 200 = &lt;Response [200]&gt;.status_code">backend/tests/test_shop_iter19.py:208: in test_order_lifecycle
    assert delete_res.status_code == 400
E   assert 200 == 400
E    +  where 200 = &lt;Response [200]&gt;.status_code</failure></testcase><testcase classname="backend.tests.test_shop_iter19.TestOrderDelete" name="test_delete_pending_order" time="0.200" /><testcase classname="backend.tests.test_shop_iter19.TestOrderDelete" name="test_delete_nonexistent_order_returns_404" time="0.100" /><testcase classname="backend.tests.test_shop_iter19.TestShopProducts" name="test_get_products" time="0.101" /><testcase classname="backend.tests.test_shop_iter19.TestShopProducts" name="test_get_categories" time="0.108" /><testcase classname="backend.tests.test_shop_iter19.TestOrderTrackWithRealOrder" name="test_create_and_track_order" time="0.332" /></testsuite></testsuites>