<?xml version="1.0" encoding="utf-8"?><testsuites name="pytest tests"><testsuite name="pytest" errors="0" failures="3" skipped="0" tests="27" time="3.794" timestamp="2026-02-28T05:31:20.234895+00:00" hostname="agent-env-5c25292b-ffed-4dc8-91af-a69885e5f837"><testcase classname="backend.tests.test_crm_modular_iter32.TestCRMWidgetStats" name="test_widget_stats_returns_200" time="0.306" /><testcase classname="backend.tests.test_crm_modular_iter32.TestCRMWidgetStats" name="test_widget_stats_has_total_leads" time="0.110" /><testcase classname="backend.tests.test_crm_modular_iter32.TestCRMWidgetStats" name="test_widget_stats_total_leads_value" time="0.126" /><testcase classname="backend.tests.test_crm_modular_iter32.TestCRMWidgetStats" name="test_widget_stats_response_structure" time="0.121" /><testcase classname="backend.tests.test_crm_modular_iter32.TestCRMDashboard" name="test_dashboard_returns_200" time="0.134" /><testcase classname="backend.tests.test_crm_modular_iter32.TestCRMDashboard" name="test_dashboard_has_conversion_rate" time="0.151" /><testcase classname="backend.tests.test_crm_modular_iter32.TestCRMDashboard" name="test_dashboard_conversion_rate_is_number" time="0.230" /><testcase classname="backend.tests.test_crm_modular_iter32.TestCRMDashboard" name="test_dashboard_response_structure" time="0.115" /><testcase classname="backend.tests.test_crm_modular_iter32.TestCRMLeads" name="test_leads_returns_200" time="0.183" /><testcase classname="backend.tests.test_crm_modular_iter32.TestCRMLeads" name="test_leads_returns_list" time="0.118" /><testcase classname="backend.tests.test_crm_modular_iter32.TestCRMLeads" name="test_leads_with_stage_filter" time="0.113" /><testcase classname="backend.tests.test_crm_modular_iter32.TestCRMTasks" name="test_tasks_returns_200" time="0.112" /><testcase classname="backend.tests.test_crm_modular_iter32.TestCRMTasks" name="test_tasks_returns_list" time="0.146" /><testcase classname="backend.tests.test_crm_modular_iter32.TestCRMLeaderboard" name="test_leaderboard_returns_200" time="0.112" /><testcase classname="backend.tests.test_crm_modular_iter32.TestCRMLeaderboard" name="test_leaderboard_has_leaderboard_field" time="0.118"><failure message="AssertionError: leaderboard field missing from response&#10;assert 'leaderboard' in [{'badge': '#x1F947 Top Performer', 'conversion_rate': 0, 'conversions': 0, 'followups_completed': 0, ...}, {'badge': '#x1F948 Star Seller', 'conversion_rate': 0, 'conversions': 0, 'followups_completed': 0, ...}]">backend/tests/test_crm_modular_iter32.py:143: in test_leaderboard_has_leaderboard_field
    assert "leaderboard" in data, "leaderboard field missing from response"
E   AssertionError: leaderboard field missing from response
E   assert 'leaderboard' in [{'badge': '#x1F947 Top Performer', 'conversion_rate': 0, 'conversions': 0, 'followups_completed': 0, ...}, {'badge': '#x1F948 Star Seller', 'conversion_rate': 0, 'conversions': 0, 'followups_completed': 0, ...}]</failure></testcase><testcase classname="backend.tests.test_crm_modular_iter32.TestCRMLeaderboard" name="test_leaderboard_returns_list" time="0.125"><failure message="AttributeError: 'list' object has no attribute 'get'">backend/tests/test_crm_modular_iter32.py:150: in test_leaderboard_returns_list
    leaderboard = data.get("leaderboard")
                  ^^^^^^^^
E   AttributeError: 'list' object has no attribute 'get'</failure></testcase><testcase classname="backend.tests.test_crm_modular_iter32.TestCRMLeaderboard" name="test_leaderboard_entry_structure" time="0.113"><failure message="AttributeError: 'list' object has no attribute 'get'">backend/tests/test_crm_modular_iter32.py:158: in test_leaderboard_entry_structure
    leaderboard = data.get("leaderboard", [])
                  ^^^^^^^^
E   AttributeError: 'list' object has no attribute 'get'</failure></testcase><testcase classname="backend.tests.test_crm_modular_iter32.TestSecurityHeaders" name="test_x_frame_options_header" time="0.115" /><testcase classname="backend.tests.test_crm_modular_iter32.TestSecurityHeaders" name="test_x_content_type_options_header" time="0.134" /><testcase classname="backend.tests.test_crm_modular_iter32.TestSecurityHeaders" name="test_content_security_policy_header" time="0.139" /><testcase classname="backend.tests.test_crm_modular_iter32.TestSecurityHeaders" name="test_strict_transport_security_header" time="0.146" /><testcase classname="backend.tests.test_crm_modular_iter32.TestSecurityHeaders" name="test_x_xss_protection_header" time="0.125" /><testcase classname="backend.tests.test_crm_modular_iter32.TestSecurityHeaders" name="test_referrer_policy_header" time="0.111" /><testcase classname="backend.tests.test_crm_modular_iter32.TestHRAPIsStillWorking" name="test_hr_dashboard_returns_200" time="0.110" /><testcase classname="backend.tests.test_crm_modular_iter32.TestHRAPIsStillWorking" name="test_hr_dashboard_response_structure" time="0.133" /><testcase classname="backend.tests.test_crm_modular_iter32.TestHRAPIsStillWorking" name="test_hr_employees_returns_200" time="0.109" /><testcase classname="backend.tests.test_crm_modular_iter32.TestHRAPIsStillWorking" name="test_hr_employees_returns_list" time="0.121" /></testsuite></testsuites>