<?xml version="1.0" encoding="utf-8"?><testsuites name="pytest tests"><testsuite name="pytest" errors="0" failures="0" skipped="0" tests="12" time="2.829" timestamp="2026-02-23T08:05:28.992884+00:00" hostname="agent-env-3b138496-b8bf-4d39-9027-34f5c301780a"><testcase classname="backend.tests.test_book_service_iter22.TestBookServiceConfig" name="test_get_book_service_config" time="0.357" /><testcase classname="backend.tests.test_book_service_iter22.TestBookServiceConfig" name="test_update_book_service_price" time="0.405" /><testcase classname="backend.tests.test_book_service_iter22.TestBookServiceCreate" name="test_book_service_success" time="0.098" /><testcase classname="backend.tests.test_book_service_iter22.TestBookServiceCreate" name="test_book_service_missing_name" time="0.159" /><testcase classname="backend.tests.test_book_service_iter22.TestBookServiceCreate" name="test_book_service_missing_phone" time="0.094" /><testcase classname="backend.tests.test_book_service_iter22.TestBookServiceCreate" name="test_book_service_optional_email" time="0.194" /><testcase classname="backend.tests.test_book_service_iter22.TestBookServiceConfirm" name="test_confirm_booking_returns_whatsapp_urls" time="0.434" /><testcase classname="backend.tests.test_book_service_iter22.TestBookServiceConfirm" name="test_confirm_nonexistent_booking" time="0.110" /><testcase classname="backend.tests.test_book_service_iter22.TestShopProducts" name="test_get_products" time="0.109" /><testcase classname="backend.tests.test_book_service_iter22.TestShopProducts" name="test_get_reviews_summary" time="0.107" /><testcase classname="backend.tests.test_book_service_iter22.TestAdminBookServiceConfig" name="test_admin_can_update_price" time="0.481" /><testcase classname="backend.tests.test_book_service_iter22.TestHealthAndBasicEndpoints" name="test_api_health" time="0.213" /></testsuite></testsuites>