<?xml version="1.0" encoding="utf-8"?><testsuites name="pytest tests"><testsuite name="pytest" errors="0" failures="2" skipped="0" tests="18" time="6.550" timestamp="2026-02-24T21:07:57.414051+00:00" hostname="agent-env-dcb0d82a-8f8d-468e-9aef-f568a827ce41"><testcase classname="backend.tests.test_hr_management.TestHRDashboard" name="test_hr_dashboard_returns_stats" time="0.284" /><testcase classname="backend.tests.test_hr_management.TestHREmployeesCRUD" name="test_get_employees_list" time="0.160" /><testcase classname="backend.tests.test_hr_management.TestHREmployeesCRUD" name="test_get_employees_filter_by_department" time="0.147" /><testcase classname="backend.tests.test_hr_management.TestHREmployeesCRUD" name="test_create_employee_auto_id_generation" time="0.184" /><testcase classname="backend.tests.test_hr_management.TestHREmployeesCRUD" name="test_create_employee_syncs_with_crm" time="0.313"><failure message="assert 404 == 200&#10; +  where 404 = &lt;Response [404]&gt;.status_code">backend/tests/test_hr_management.py:116: in test_create_employee_syncs_with_crm
    assert crm_response.status_code == 200
E   assert 404 == 200
E    +  where 404 = &lt;Response [404]&gt;.status_code</failure></testcase><testcase classname="backend.tests.test_hr_management.TestHREmployeesCRUD" name="test_get_single_employee" time="0.265" /><testcase classname="backend.tests.test_hr_management.TestHREmployeesCRUD" name="test_get_nonexistent_employee_returns_404" time="0.133" /><testcase classname="backend.tests.test_hr_management.TestHROnboarding" name="test_update_onboarding_checklist" time="0.345" /><testcase classname="backend.tests.test_hr_management.TestHROnboarding" name="test_complete_all_onboarding_marks_complete" time="0.289" /><testcase classname="backend.tests.test_hr_management.TestHRLeaveManagement" name="test_get_leaves_list" time="0.130" /><testcase classname="backend.tests.test_hr_management.TestHRLeaveManagement" name="test_create_leave_request" time="0.308" /><testcase classname="backend.tests.test_hr_management.TestHRLeaveManagement" name="test_approve_leave_request" time="0.360" /><testcase classname="backend.tests.test_hr_management.TestHRLeaveManagement" name="test_reject_leave_request" time="0.489" /><testcase classname="backend.tests.test_hr_management.TestHRPerformance" name="test_get_performance_data" time="0.133" /><testcase classname="backend.tests.test_hr_management.TestHRPerformance" name="test_update_employee_performance" time="0.294" /><testcase classname="backend.tests.test_hr_management.TestHRReports" name="test_get_hr_summary_report" time="0.175"><failure message="AssertionError: assert 'total_salary' in {'average_performance_rating': 0.45, 'average_salary': 5500.0, 'department_breakdown': {'admin': 2, 'marketing': 1, 'sales': 4, 'support': 1, ...}, 'status_breakdown': {'probation': 10}, ...}">backend/tests/test_hr_management.py:366: in test_get_hr_summary_report
    assert "total_salary" in data
E   AssertionError: assert 'total_salary' in {'average_performance_rating': 0.45, 'average_salary': 5500.0, 'department_breakdown': {'admin': 2, 'marketing': 1, 'sales': 4, 'support': 1, ...}, 'status_breakdown': {'probation': 10}, ...}</failure></testcase><testcase classname="backend.tests.test_hr_management.TestHREmployeeUpdate" name="test_update_employee_details" time="0.649" /><testcase classname="backend.tests.test_hr_management.TestHRCleanup" name="test_cleanup_test_employees" time="1.778" /></testsuite></testsuites>