<?xml version="1.0" encoding="utf-8"?><testsuites name="pytest tests"><testsuite name="pytest" errors="0" failures="1" skipped="0" tests="12" time="2.733" timestamp="2026-02-14T20:02:45.711760+00:00" hostname="agent-env-c3c033a2-7939-4a02-b899-1258fedd48ae"><testcase classname="backend.tests.test_security_features.TestSecurityStatus" name="test_security_status_returns_all_features" time="0.315" /><testcase classname="backend.tests.test_security_features.TestSecurityHeaders" name="test_security_headers_present" time="0.252" /><testcase classname="backend.tests.test_security_features.TestStaffLogin2FA" name="test_staff_login_step1_returns_requires_otp" time="0.435" /><testcase classname="backend.tests.test_security_features.TestStaffLogin2FA" name="test_staff_login_invalid_credentials" time="0.155" /><testcase classname="backend.tests.test_security_features.TestStaffLogin2FA" name="test_staff_verify_2fa_success" time="0.208"><failure message="AssertionError: Expected 200 but got 401: {&quot;detail&quot;:&quot;Invalid or expired OTP&quot;}&#10;assert 401 == 200&#10; +  where 401 = &lt;Response [401]&gt;.status_code">backend/tests/test_security_features.py:104: in test_staff_verify_2fa_success
    assert response.status_code == 200, f"Expected 200 but got {response.status_code}: {response.text}"
E   AssertionError: Expected 200 but got 401: {"detail":"Invalid or expired OTP"}
E   assert 401 == 200
E    +  where 401 = &lt;Response [401]&gt;.status_code</failure></testcase><testcase classname="backend.tests.test_security_features.TestStaffLogin2FA" name="test_staff_verify_2fa_invalid_otp" time="0.133" /><testcase classname="backend.tests.test_security_features.TestRecaptchaEndpoint" name="test_verify_recaptcha_endpoint_exists" time="0.142" /><testcase classname="backend.tests.test_security_features.TestRecaptchaEndpoint" name="test_verify_recaptcha_honeypot_trigger" time="0.167" /><testcase classname="backend.tests.test_security_features.TestSecureLead" name="test_secure_lead_honeypot_blocks_submission" time="0.111" /><testcase classname="backend.tests.test_security_features.TestSecureLead" name="test_secure_lead_without_honeypot_accepted" time="0.195" /><testcase classname="backend.tests.test_security_features.TestHealthCheck" name="test_api_health" time="0.320" /><testcase classname="backend.tests.test_security_features.TestHealthCheck" name="test_districts_endpoint" time="0.217" /></testsuite></testsuites>