<?xml version="1.0" encoding="utf-8"?><testsuites name="pytest tests"><testsuite name="pytest" errors="0" failures="1" skipped="0" tests="8" time="48.484" timestamp="2026-02-28T06:34:19.722851+00:00" hostname="agent-env-5c25292b-ffed-4dc8-91af-a69885e5f837"><testcase classname="backend.tests.test_staff_training.TestTrainingModulesAPI" name="test_get_training_modules_success" time="0.244" /><testcase classname="backend.tests.test_staff_training.TestAITrainingAssistant" name="test_ai_training_assistant_success" time="3.059" /><testcase classname="backend.tests.test_staff_training.TestAITrainingAssistant" name="test_ai_training_assistant_different_roles" time="37.684"><failure message="AssertionError: Expected 200 for role technician, got 500&#10;assert 500 == 200&#10; +  where 500 = &lt;Response [500]&gt;.status_code">backend/tests/test_staff_training.py:105: in test_ai_training_assistant_different_roles
    assert response.status_code == 200, f"Expected 200 for role {role}, got {response.status_code}"
E   AssertionError: Expected 200 for role technician, got 500
E   assert 500 == 200
E    +  where 500 = &lt;Response [500]&gt;.status_code</failure></testcase><testcase classname="backend.tests.test_staff_training.TestAITrainingAssistant" name="test_ai_training_assistant_empty_message" time="4.022" /><testcase classname="backend.tests.test_staff_training.TestTrainingProgress" name="test_save_training_progress" time="0.135" /><testcase classname="backend.tests.test_staff_training.TestTrainingProgress" name="test_get_training_progress" time="0.270" /><testcase classname="backend.tests.test_staff_training.TestTrainingProgress" name="test_save_progress_missing_fields" time="0.108" /><testcase classname="backend.tests.test_staff_training.TestPublicAIChatEndpoint" name="test_public_ai_chat_success" time="2.870" /></testsuite></testsuites>