<?xml version="1.0" encoding="utf-8"?><testsuites name="pytest tests"><testsuite name="pytest" errors="0" failures="1" skipped="0" tests="22" time="1.267" timestamp="2026-02-01T17:55:32.460057+00:00" hostname="agent-env-35d9319e-be1d-4439-8981-7d227cf07d36"><testcase classname="backend.tests.test_admin_features.TestHealthAndBasicEndpoints" name="test_health_check" time="0.084"><failure message="requests.exceptions.JSONDecodeError: Expecting value: line 1 column 1 (char 0)">/root/.venv/lib/python3.11/site-packages/requests/models.py:976: in json
    return complexjson.loads(self.text, **kwargs)
           ^^^^^^^^^^^^^^^^^^^^^^^^^^^^^^^^^^^^^^
/usr/local/lib/python3.11/json/__init__.py:346: in loads
    return _default_decoder.decode(s)
           ^^^^^^^^^^^^^^^^^^^^^^^^^^
/usr/local/lib/python3.11/json/decoder.py:337: in decode
    obj, end = self.raw_decode(s, idx=_w(s, 0).end())
               ^^^^^^^^^^^^^^^^^^^^^^^^^^^^^^^^^^^^^^
/usr/local/lib/python3.11/json/decoder.py:355: in raw_decode
    raise JSONDecodeError("Expecting value", s, err.value) from None
E   json.decoder.JSONDecodeError: Expecting value: line 1 column 1 (char 0)

During handling of the above exception, another exception occurred:
backend/tests/test_admin_features.py:18: in test_health_check
    data = response.json()
           ^^^^^^^^^^^^^^^
/root/.venv/lib/python3.11/site-packages/requests/models.py:980: in json
    raise RequestsJSONDecodeError(e.msg, e.doc, e.pos)
E   requests.exceptions.JSONDecodeError: Expecting value: line 1 column 1 (char 0)</failure></testcase><testcase classname="backend.tests.test_admin_features.TestHealthAndBasicEndpoints" name="test_api_root" time="0.044" /><testcase classname="backend.tests.test_admin_features.TestHealthAndBasicEndpoints" name="test_districts_endpoint" time="0.041" /><testcase classname="backend.tests.test_admin_features.TestAdminOTPLogin" name="test_send_otp_valid_admin_email" time="0.041" /><testcase classname="backend.tests.test_admin_features.TestAdminOTPLogin" name="test_send_otp_invalid_email" time="0.038" /><testcase classname="backend.tests.test_admin_features.TestAdminOTPLogin" name="test_verify_otp_with_mock_otp" time="0.079" /><testcase classname="backend.tests.test_admin_features.TestAdminOTPLogin" name="test_verify_otp_with_wrong_otp" time="0.042" /><testcase classname="backend.tests.test_admin_features.TestAnalyticsEndpoint" name="test_get_analytics" time="0.058" /><testcase classname="backend.tests.test_admin_features.TestDashboardStats" name="test_get_dashboard_stats" time="0.039" /><testcase classname="backend.tests.test_admin_features.TestSocialMediaHub" name="test_get_social_posts" time="0.041" /><testcase classname="backend.tests.test_admin_features.TestSocialMediaHub" name="test_create_social_post" time="0.038" /><testcase classname="backend.tests.test_admin_features.TestSocialMediaHub" name="test_generate_ai_social_post_promotion" time="0.039" /><testcase classname="backend.tests.test_admin_features.TestSocialMediaHub" name="test_generate_ai_social_post_project" time="0.074" /><testcase classname="backend.tests.test_admin_features.TestSocialMediaHub" name="test_generate_ai_social_post_festival" time="0.038" /><testcase classname="backend.tests.test_admin_features.TestSocialMediaHub" name="test_generate_ai_social_post_scheme" time="0.040" /><testcase classname="backend.tests.test_admin_features.TestStaffManagement" name="test_get_staff" time="0.042" /><testcase classname="backend.tests.test_admin_features.TestStaffManagement" name="test_create_staff" time="0.049" /><testcase classname="backend.tests.test_admin_features.TestStaffManagement" name="test_update_staff" time="0.075" /><testcase classname="backend.tests.test_admin_features.TestStaffManagement" name="test_delete_staff" time="0.072" /><testcase classname="backend.tests.test_admin_features.TestSecurityEndpoints" name="test_security_status" time="0.041" /><testcase classname="backend.tests.test_admin_features.TestLeadsEndpoints" name="test_get_leads" time="0.041" /><testcase classname="backend.tests.test_admin_features.TestLeadsEndpoints" name="test_create_lead" time="0.047" /></testsuite></testsuites>